<?xml version="1.0" encoding="UTF-8"?>
<testsuite xmlns:xsi="http://www.w3.org/2001/XMLSchema-instance" xsi:noNamespaceSchemaLocation="https://maven.apache.org/surefire/maven-surefire-plugin/xsd/surefire-test-report.xsd" name="com.test.BloomFilterTest" time="0.311" tests="1" errors="0" skipped="0" failures="0">
  <properties>
    <property name="sun.desktop" value="windows"/>
    <property name="awt.toolkit" value="sun.awt.windows.WToolkit"/>
    <property name="file.encoding.pkg" value="sun.io"/>
    <property name="java.specification.version" value="1.8"/>
    <property name="sun.cpu.isalist" value="amd64"/>
    <property name="sun.jnu.encoding" value="GBK"/>
    <property name="java.class.path" value="D:\Spring Boot workplace\JavaArchitect\foodie-dev\foodie-dev-api\target\test-classes;D:\Spring Boot workplace\JavaArchitect\foodie-dev\foodie-dev-api\target\classes;D:\Spring Boot workplace\JavaArchitect\foodie-dev\foodie-dev-service\target\foodie-dev-service-1.0-SNAPSHOT.jar;D:\Spring Boot workplace\JavaArchitect\foodie-dev\foodie-dev-mapper\target\foodie-dev-mapper-1.0-SNAPSHOT.jar;D:\Spring Boot workplace\JavaArchitect\foodie-dev\foodie-dev-pojo\target\foodie-dev-pojo-1.0-SNAPSHOT.jar;D:\Spring Boot workplace\JavaArchitect\foodie-dev\foodie-dev-common\target\foodie-dev-common-1.0-SNAPSHOT.jar;D:\maven_repository_3.6.0\maven_repository\org\springframework\boot\spring-boot-starter-test\2.1.5.RELEASE\spring-boot-starter-test-2.1.5.RELEASE.jar;D:\maven_repository_3.6.0\maven_repository\org\springframework\boot\spring-boot-test\2.1.5.RELEASE\spring-boot-test-2.1.5.RELEASE.jar;D:\maven_repository_3.6.0\maven_repository\org\springframework\boot\spring-boot-test-autoconfigure\2.1.5.RELEASE\spring-boot-test-autoconfigure-2.1.5.RELEASE.jar;D:\maven_repository_3.6.0\maven_repository\com\jayway\jsonpath\json-path\2.4.0\json-path-2.4.0.jar;D:\maven_repository_3.6.0\maven_repository\net\minidev\json-smart\2.3\json-smart-2.3.jar;D:\maven_repository_3.6.0\maven_repository\net\minidev\accessors-smart\1.2\accessors-smart-1.2.jar;D:\maven_repository_3.6.0\maven_repository\org\ow2\asm\asm\5.0.4\asm-5.0.4.jar;D:\maven_repository_3.6.0\maven_repository\junit\junit\4.12\junit-4.12.jar;D:\maven_repository_3.6.0\maven_repository\org\assertj\assertj-core\3.11.1\assertj-core-3.11.1.jar;D:\maven_repository_3.6.0\maven_repository\org\mockito\mockito-core\2.23.4\mockito-core-2.23.4.jar;D:\maven_repository_3.6.0\maven_repository\net\bytebuddy\byte-buddy\1.9.12\byte-buddy-1.9.12.jar;D:\maven_repository_3.6.0\maven_repository\net\bytebuddy\byte-buddy-agent\1.9.12\byte-buddy-agent-1.9.12.jar;D:\maven_repository_3.6.0\maven_repository\org\objenesis\objenesis\2.6\objenesis-2.6.jar;D:\maven_repository_3.6.0\maven_repository\org\hamcrest\hamcrest-core\1.3\hamcrest-core-1.3.jar;D:\maven_repository_3.6.0\maven_repository\org\hamcrest\hamcrest-library\1.3\hamcrest-library-1.3.jar;D:\maven_repository_3.6.0\maven_repository\org\skyscreamer\jsonassert\1.5.0\jsonassert-1.5.0.jar;D:\maven_repository_3.6.0\maven_repository\com\vaadin\external\google\android-json\0.0.20131108.vaadin1\android-json-0.0.20131108.vaadin1.jar;D:\maven_repository_3.6.0\maven_repository\org\springframework\spring-core\5.1.7.RELEASE\spring-core-5.1.7.RELEASE.jar;D:\maven_repository_3.6.0\maven_repository\org\springframework\spring-jcl\5.1.7.RELEASE\spring-jcl-5.1.7.RELEASE.jar;D:\maven_repository_3.6.0\maven_repository\org\springframework\spring-test\5.1.7.RELEASE\spring-test-5.1.7.RELEASE.jar;D:\maven_repository_3.6.0\maven_repository\org\xmlunit\xmlunit-core\2.6.2\xmlunit-core-2.6.2.jar;D:\maven_repository_3.6.0\maven_repository\com\google\guava\guava\28.1-jre\guava-28.1-jre.jar;D:\maven_repository_3.6.0\maven_repository\com\google\guava\failureaccess\1.0.1\failureaccess-1.0.1.jar;D:\maven_repository_3.6.0\maven_repository\com\google\guava\listenablefuture\9999.0-empty-to-avoid-conflict-with-guava\listenablefuture-9999.0-empty-to-avoid-conflict-with-guava.jar;D:\maven_repository_3.6.0\maven_repository\com\google\code\findbugs\jsr305\3.0.2\jsr305-3.0.2.jar;D:\maven_repository_3.6.0\maven_repository\org\checkerframework\checker-qual\2.8.1\checker-qual-2.8.1.jar;D:\maven_repository_3.6.0\maven_repository\com\google\errorprone\error_prone_annotations\2.3.2\error_prone_annotations-2.3.2.jar;D:\maven_repository_3.6.0\maven_repository\com\google\j2objc\j2objc-annotations\1.3\j2objc-annotations-1.3.jar;D:\maven_repository_3.6.0\maven_repository\org\codehaus\mojo\animal-sniffer-annotations\1.18\animal-sniffer-annotations-1.18.jar;D:\maven_repository_3.6.0\maven_repository\org\springframework\boot\spring-boot-starter\2.1.5.RELEASE\spring-boot-starter-2.1.5.RELEASE.jar;D:\maven_repository_3.6.0\maven_repository\org\springframework\boot\spring-boot\2.1.5.RELEASE\spring-boot-2.1.5.RELEASE.jar;D:\maven_repository_3.6.0\maven_repository\org\springframework\spring-context\5.1.7.RELEASE\spring-context-5.1.7.RELEASE.jar;D:\maven_repository_3.6.0\maven_repository\org\springframework\boot\spring-boot-autoconfigure\2.1.5.RELEASE\spring-boot-autoconfigure-2.1.5.RELEASE.jar;D:\maven_repository_3.6.0\maven_repository\javax\annotation\javax.annotation-api\1.3.2\javax.annotation-api-1.3.2.jar;D:\maven_repository_3.6.0\maven_repository\org\yaml\snakeyaml\1.23\snakeyaml-1.23.jar;D:\maven_repository_3.6.0\maven_repository\org\springframework\boot\spring-boot-starter-aop\2.1.5.RELEASE\spring-boot-starter-aop-2.1.5.RELEASE.jar;D:\maven_repository_3.6.0\maven_repository\org\springframework\spring-aop\5.1.7.RELEASE\spring-aop-5.1.7.RELEASE.jar;D:\maven_repository_3.6.0\maven_repository\org\springframework\spring-beans\5.1.7.RELEASE\spring-beans-5.1.7.RELEASE.jar;D:\maven_repository_3.6.0\maven_repository\org\aspectj\aspectjweaver\1.9.4\aspectjweaver-1.9.4.jar;D:\maven_repository_3.6.0\maven_repository\org\springframework\boot\spring-boot-starter-web\2.1.5.RELEASE\spring-boot-starter-web-2.1.5.RELEASE.jar;D:\maven_repository_3.6.0\maven_repository\org\springframework\boot\spring-boot-starter-json\2.1.5.RELEASE\spring-boot-starter-json-2.1.5.RELEASE.jar;D:\maven_repository_3.6.0\maven_repository\com\fasterxml\jackson\core\jackson-databind\2.9.8\jackson-databind-2.9.8.jar;D:\maven_repository_3.6.0\maven_repository\com\fasterxml\jackson\core\jackson-core\2.9.8\jackson-core-2.9.8.jar;D:\maven_repository_3.6.0\maven_repository\com\fasterxml\jackson\datatype\jackson-datatype-jdk8\2.9.8\jackson-datatype-jdk8-2.9.8.jar;D:\maven_repository_3.6.0\maven_repository\com\fasterxml\jackson\datatype\jackson-datatype-jsr310\2.9.8\jackson-datatype-jsr310-2.9.8.jar;D:\maven_repository_3.6.0\maven_repository\com\fasterxml\jackson\module\jackson-module-parameter-names\2.9.8\jackson-module-parameter-names-2.9.8.jar;D:\maven_repository_3.6.0\maven_repository\org\springframework\boot\spring-boot-starter-tomcat\2.1.5.RELEASE\spring-boot-starter-tomcat-2.1.5.RELEASE.jar;D:\maven_repository_3.6.0\maven_repository\org\apache\tomcat\embed\tomcat-embed-core\9.0.19\tomcat-embed-core-9.0.19.jar;D:\maven_repository_3.6.0\maven_repository\org\apache\tomcat\embed\tomcat-embed-el\9.0.19\tomcat-embed-el-9.0.19.jar;D:\maven_repository_3.6.0\maven_repository\org\apache\tomcat\embed\tomcat-embed-websocket\9.0.19\tomcat-embed-websocket-9.0.19.jar;D:\maven_repository_3.6.0\maven_repository\org\hibernate\validator\hibernate-validator\6.0.16.Final\hibernate-validator-6.0.16.Final.jar;D:\maven_repository_3.6.0\maven_repository\javax\validation\validation-api\2.0.1.Final\validation-api-2.0.1.Final.jar;D:\maven_repository_3.6.0\maven_repository\org\jboss\logging\jboss-logging\3.3.2.Final\jboss-logging-3.3.2.Final.jar;D:\maven_repository_3.6.0\maven_repository\org\springframework\spring-web\5.1.7.RELEASE\spring-web-5.1.7.RELEASE.jar;D:\maven_repository_3.6.0\maven_repository\org\springframework\spring-webmvc\5.1.7.RELEASE\spring-webmvc-5.1.7.RELEASE.jar;D:\maven_repository_3.6.0\maven_repository\org\springframework\spring-expression\5.1.7.RELEASE\spring-expression-5.1.7.RELEASE.jar;D:\maven_repository_3.6.0\maven_repository\org\springframework\boot\spring-boot-configuration-processor\2.1.5.RELEASE\spring-boot-configuration-processor-2.1.5.RELEASE.jar;D:\maven_repository_3.6.0\maven_repository\mysql\mysql-connector-java\8.0.16\mysql-connector-java-8.0.16.jar;D:\maven_repository_3.6.0\maven_repository\org\mybatis\spring\boot\mybatis-spring-boot-starter\2.1.0\mybatis-spring-boot-starter-2.1.0.jar;D:\maven_repository_3.6.0\maven_repository\org\springframework\boot\spring-boot-starter-jdbc\2.1.5.RELEASE\spring-boot-starter-jdbc-2.1.5.RELEASE.jar;D:\maven_repository_3.6.0\maven_repository\com\zaxxer\HikariCP\3.2.0\HikariCP-3.2.0.jar;D:\maven_repository_3.6.0\maven_repository\org\springframework\spring-jdbc\5.1.7.RELEASE\spring-jdbc-5.1.7.RELEASE.jar;D:\maven_repository_3.6.0\maven_repository\org\mybatis\spring\boot\mybatis-spring-boot-autoconfigure\2.1.0\mybatis-spring-boot-autoconfigure-2.1.0.jar;D:\maven_repository_3.6.0\maven_repository\org\mybatis\mybatis\3.5.2\mybatis-3.5.2.jar;D:\maven_repository_3.6.0\maven_repository\org\mybatis\mybatis-spring\2.0.2\mybatis-spring-2.0.2.jar;D:\maven_repository_3.6.0\maven_repository\tk\mybatis\mapper-spring-boot-starter\2.1.5\mapper-spring-boot-starter-2.1.5.jar;D:\maven_repository_3.6.0\maven_repository\tk\mybatis\mapper-core\1.1.5\mapper-core-1.1.5.jar;D:\maven_repository_3.6.0\maven_repository\javax\persistence\persistence-api\1.0\persistence-api-1.0.jar;D:\maven_repository_3.6.0\maven_repository\tk\mybatis\mapper-base\1.1.5\mapper-base-1.1.5.jar;D:\maven_repository_3.6.0\maven_repository\tk\mybatis\mapper-weekend\1.1.5\mapper-weekend-1.1.5.jar;D:\maven_repository_3.6.0\maven_repository\tk\mybatis\mapper-spring\1.1.5\mapper-spring-1.1.5.jar;D:\maven_repository_3.6.0\maven_repository\tk\mybatis\mapper-extra\1.1.5\mapper-extra-1.1.5.jar;D:\maven_repository_3.6.0\maven_repository\tk\mybatis\mapper-spring-boot-autoconfigure\2.1.5\mapper-spring-boot-autoconfigure-2.1.5.jar;D:\maven_repository_3.6.0\maven_repository\com\github\pagehelper\pagehelper-spring-boot-starter\1.2.12\pagehelper-spring-boot-starter-1.2.12.jar;D:\maven_repository_3.6.0\maven_repository\com\github\pagehelper\pagehelper-spring-boot-autoconfigure\1.2.12\pagehelper-spring-boot-autoconfigure-1.2.12.jar;D:\maven_repository_3.6.0\maven_repository\com\github\pagehelper\pagehelper\5.1.10\pagehelper-5.1.10.jar;D:\maven_repository_3.6.0\maven_repository\com\github\jsqlparser\jsqlparser\2.0\jsqlparser-2.0.jar;D:\maven_repository_3.6.0\maven_repository\org\springframework\session\spring-session-data-redis\2.1.6.RELEASE\spring-session-data-redis-2.1.6.RELEASE.jar;D:\maven_repository_3.6.0\maven_repository\org\springframework\data\spring-data-redis\2.1.8.RELEASE\spring-data-redis-2.1.8.RELEASE.jar;D:\maven_repository_3.6.0\maven_repository\org\springframework\data\spring-data-keyvalue\2.1.8.RELEASE\spring-data-keyvalue-2.1.8.RELEASE.jar;D:\maven_repository_3.6.0\maven_repository\org\springframework\data\spring-data-commons\2.1.8.RELEASE\spring-data-commons-2.1.8.RELEASE.jar;D:\maven_repository_3.6.0\maven_repository\org\springframework\spring-tx\5.1.7.RELEASE\spring-tx-5.1.7.RELEASE.jar;D:\maven_repository_3.6.0\maven_repository\org\springframework\spring-oxm\5.1.7.RELEASE\spring-oxm-5.1.7.RELEASE.jar;D:\maven_repository_3.6.0\maven_repository\org\springframework\spring-context-support\5.1.7.RELEASE\spring-context-support-5.1.7.RELEASE.jar;D:\maven_repository_3.6.0\maven_repository\org\springframework\session\spring-session-core\2.1.6.RELEASE\spring-session-core-2.1.6.RELEASE.jar;D:\maven_repository_3.6.0\maven_repository\org\springframework\boot\spring-boot-starter-security\2.1.5.RELEASE\spring-boot-starter-security-2.1.5.RELEASE.jar;D:\maven_repository_3.6.0\maven_repository\org\springframework\security\spring-security-config\5.1.5.RELEASE\spring-security-config-5.1.5.RELEASE.jar;D:\maven_repository_3.6.0\maven_repository\org\springframework\security\spring-security-core\5.1.5.RELEASE\spring-security-core-5.1.5.RELEASE.jar;D:\maven_repository_3.6.0\maven_repository\org\springframework\security\spring-security-web\5.1.5.RELEASE\spring-security-web-5.1.5.RELEASE.jar;D:\maven_repository_3.6.0\maven_repository\org\springframework\boot\spring-boot-starter-data-redis\2.1.5.RELEASE\spring-boot-starter-data-redis-2.1.5.RELEASE.jar;D:\maven_repository_3.6.0\maven_repository\io\lettuce\lettuce-core\5.1.6.RELEASE\lettuce-core-5.1.6.RELEASE.jar;D:\maven_repository_3.6.0\maven_repository\io\netty\netty-common\4.1.36.Final\netty-common-4.1.36.Final.jar;D:\maven_repository_3.6.0\maven_repository\io\netty\netty-handler\4.1.36.Final\netty-handler-4.1.36.Final.jar;D:\maven_repository_3.6.0\maven_repository\io\netty\netty-buffer\4.1.36.Final\netty-buffer-4.1.36.Final.jar;D:\maven_repository_3.6.0\maven_repository\io\netty\netty-codec\4.1.36.Final\netty-codec-4.1.36.Final.jar;D:\maven_repository_3.6.0\maven_repository\io\netty\netty-transport\4.1.36.Final\netty-transport-4.1.36.Final.jar;D:\maven_repository_3.6.0\maven_repository\io\netty\netty-resolver\4.1.36.Final\netty-resolver-4.1.36.Final.jar;D:\maven_repository_3.6.0\maven_repository\io\projectreactor\reactor-core\3.2.9.RELEASE\reactor-core-3.2.9.RELEASE.jar;D:\maven_repository_3.6.0\maven_repository\org\reactivestreams\reactive-streams\1.0.2\reactive-streams-1.0.2.jar;D:\maven_repository_3.6.0\maven_repository\commons-codec\commons-codec\1.11\commons-codec-1.11.jar;D:\maven_repository_3.6.0\maven_repository\org\apache\commons\commons-lang3\3.8.1\commons-lang3-3.8.1.jar;D:\maven_repository_3.6.0\maven_repository\commons-io\commons-io\1.3.2\commons-io-1.3.2.jar;D:\maven_repository_3.6.0\maven_repository\io\springfox\springfox-swagger2\2.4.0\springfox-swagger2-2.4.0.jar;D:\maven_repository_3.6.0\maven_repository\io\swagger\swagger-annotations\1.5.6\swagger-annotations-1.5.6.jar;D:\maven_repository_3.6.0\maven_repository\io\swagger\swagger-models\1.5.6\swagger-models-1.5.6.jar;D:\maven_repository_3.6.0\maven_repository\com\fasterxml\jackson\core\jackson-annotations\2.9.0\jackson-annotations-2.9.0.jar;D:\maven_repository_3.6.0\maven_repository\io\springfox\springfox-spi\2.4.0\springfox-spi-2.4.0.jar;D:\maven_repository_3.6.0\maven_repository\io\springfox\springfox-core\2.4.0\springfox-core-2.4.0.jar;D:\maven_repository_3.6.0\maven_repository\io\springfox\springfox-schema\2.4.0\springfox-schema-2.4.0.jar;D:\maven_repository_3.6.0\maven_repository\io\springfox\springfox-swagger-common\2.4.0\springfox-swagger-common-2.4.0.jar;D:\maven_repository_3.6.0\maven_repository\io\springfox\springfox-spring-web\2.4.0\springfox-spring-web-2.4.0.jar;D:\maven_repository_3.6.0\maven_repository\com\fasterxml\classmate\1.4.0\classmate-1.4.0.jar;D:\maven_repository_3.6.0\maven_repository\org\springframework\plugin\spring-plugin-core\1.2.0.RELEASE\spring-plugin-core-1.2.0.RELEASE.jar;D:\maven_repository_3.6.0\maven_repository\org\springframework\plugin\spring-plugin-metadata\1.2.0.RELEASE\spring-plugin-metadata-1.2.0.RELEASE.jar;D:\maven_repository_3.6.0\maven_repository\io\springfox\springfox-swagger-ui\2.4.0\springfox-swagger-ui-2.4.0.jar;D:\maven_repository_3.6.0\maven_repository\com\github\xiaoymin\swagger-bootstrap-ui\1.6\swagger-bootstrap-ui-1.6.jar;D:\maven_repository_3.6.0\maven_repository\org\slf4j\slf4j-api\1.7.21\slf4j-api-1.7.21.jar;D:\maven_repository_3.6.0\maven_repository\org\slf4j\slf4j-log4j12\1.7.21\slf4j-log4j12-1.7.21.jar;D:\maven_repository_3.6.0\maven_repository\log4j\log4j\1.2.17\log4j-1.2.17.jar;"/>
    <property name="java.vm.vendor" value="Oracle Corporation"/>
    <property name="sun.arch.data.model" value="64"/>
    <property name="user.variant" value=""/>
    <property name="java.vendor.url" value="http://java.oracle.com/"/>
    <property name="user.timezone" value="Asia/Shanghai"/>
    <property name="java.vm.specification.version" value="1.8"/>
    <property name="os.name" value="Windows 10"/>
    <property name="user.country" value="CN"/>
    <property name="sun.java.launcher" value="SUN_STANDARD"/>
    <property name="sun.boot.library.path" value="D:\Java\jdk1.8.0_121\jre\bin"/>
    <property name="sun.java.command" value="C:\Users\hasee\AppData\Local\Temp\surefire7630148730096819967\surefirebooter909038674198592559.jar C:\Users\hasee\AppData\Local\Temp\surefire7630148730096819967 2020-10-15T19-44-59_495-jvmRun1 surefire2955981212023846650tmp surefire_05699296933060737289tmp"/>
    <property name="surefire.test.class.path" value="D:\Spring Boot workplace\JavaArchitect\foodie-dev\foodie-dev-api\target\test-classes;D:\Spring Boot workplace\JavaArchitect\foodie-dev\foodie-dev-api\target\classes;D:\Spring Boot workplace\JavaArchitect\foodie-dev\foodie-dev-service\target\foodie-dev-service-1.0-SNAPSHOT.jar;D:\Spring Boot workplace\JavaArchitect\foodie-dev\foodie-dev-mapper\target\foodie-dev-mapper-1.0-SNAPSHOT.jar;D:\Spring Boot workplace\JavaArchitect\foodie-dev\foodie-dev-pojo\target\foodie-dev-pojo-1.0-SNAPSHOT.jar;D:\Spring Boot workplace\JavaArchitect\foodie-dev\foodie-dev-common\target\foodie-dev-common-1.0-SNAPSHOT.jar;D:\maven_repository_3.6.0\maven_repository\org\springframework\boot\spring-boot-starter-test\2.1.5.RELEASE\spring-boot-starter-test-2.1.5.RELEASE.jar;D:\maven_repository_3.6.0\maven_repository\org\springframework\boot\spring-boot-test\2.1.5.RELEASE\spring-boot-test-2.1.5.RELEASE.jar;D:\maven_repository_3.6.0\maven_repository\org\springframework\boot\spring-boot-test-autoconfigure\2.1.5.RELEASE\spring-boot-test-autoconfigure-2.1.5.RELEASE.jar;D:\maven_repository_3.6.0\maven_repository\com\jayway\jsonpath\json-path\2.4.0\json-path-2.4.0.jar;D:\maven_repository_3.6.0\maven_repository\net\minidev\json-smart\2.3\json-smart-2.3.jar;D:\maven_repository_3.6.0\maven_repository\net\minidev\accessors-smart\1.2\accessors-smart-1.2.jar;D:\maven_repository_3.6.0\maven_repository\org\ow2\asm\asm\5.0.4\asm-5.0.4.jar;D:\maven_repository_3.6.0\maven_repository\junit\junit\4.12\junit-4.12.jar;D:\maven_repository_3.6.0\maven_repository\org\assertj\assertj-core\3.11.1\assertj-core-3.11.1.jar;D:\maven_repository_3.6.0\maven_repository\org\mockito\mockito-core\2.23.4\mockito-core-2.23.4.jar;D:\maven_repository_3.6.0\maven_repository\net\bytebuddy\byte-buddy\1.9.12\byte-buddy-1.9.12.jar;D:\maven_repository_3.6.0\maven_repository\net\bytebuddy\byte-buddy-agent\1.9.12\byte-buddy-agent-1.9.12.jar;D:\maven_repository_3.6.0\maven_repository\org\objenesis\objenesis\2.6\objenesis-2.6.jar;D:\maven_repository_3.6.0\maven_repository\org\hamcrest\hamcrest-core\1.3\hamcrest-core-1.3.jar;D:\maven_repository_3.6.0\maven_repository\org\hamcrest\hamcrest-library\1.3\hamcrest-library-1.3.jar;D:\maven_repository_3.6.0\maven_repository\org\skyscreamer\jsonassert\1.5.0\jsonassert-1.5.0.jar;D:\maven_repository_3.6.0\maven_repository\com\vaadin\external\google\android-json\0.0.20131108.vaadin1\android-json-0.0.20131108.vaadin1.jar;D:\maven_repository_3.6.0\maven_repository\org\springframework\spring-core\5.1.7.RELEASE\spring-core-5.1.7.RELEASE.jar;D:\maven_repository_3.6.0\maven_repository\org\springframework\spring-jcl\5.1.7.RELEASE\spring-jcl-5.1.7.RELEASE.jar;D:\maven_repository_3.6.0\maven_repository\org\springframework\spring-test\5.1.7.RELEASE\spring-test-5.1.7.RELEASE.jar;D:\maven_repository_3.6.0\maven_repository\org\xmlunit\xmlunit-core\2.6.2\xmlunit-core-2.6.2.jar;D:\maven_repository_3.6.0\maven_repository\com\google\guava\guava\28.1-jre\guava-28.1-jre.jar;D:\maven_repository_3.6.0\maven_repository\com\google\guava\failureaccess\1.0.1\failureaccess-1.0.1.jar;D:\maven_repository_3.6.0\maven_repository\com\google\guava\listenablefuture\9999.0-empty-to-avoid-conflict-with-guava\listenablefuture-9999.0-empty-to-avoid-conflict-with-guava.jar;D:\maven_repository_3.6.0\maven_repository\com\google\code\findbugs\jsr305\3.0.2\jsr305-3.0.2.jar;D:\maven_repository_3.6.0\maven_repository\org\checkerframework\checker-qual\2.8.1\checker-qual-2.8.1.jar;D:\maven_repository_3.6.0\maven_repository\com\google\errorprone\error_prone_annotations\2.3.2\error_prone_annotations-2.3.2.jar;D:\maven_repository_3.6.0\maven_repository\com\google\j2objc\j2objc-annotations\1.3\j2objc-annotations-1.3.jar;D:\maven_repository_3.6.0\maven_repository\org\codehaus\mojo\animal-sniffer-annotations\1.18\animal-sniffer-annotations-1.18.jar;D:\maven_repository_3.6.0\maven_repository\org\springframework\boot\spring-boot-starter\2.1.5.RELEASE\spring-boot-starter-2.1.5.RELEASE.jar;D:\maven_repository_3.6.0\maven_repository\org\springframework\boot\spring-boot\2.1.5.RELEASE\spring-boot-2.1.5.RELEASE.jar;D:\maven_repository_3.6.0\maven_repository\org\springframework\spring-context\5.1.7.RELEASE\spring-context-5.1.7.RELEASE.jar;D:\maven_repository_3.6.0\maven_repository\org\springframework\boot\spring-boot-autoconfigure\2.1.5.RELEASE\spring-boot-autoconfigure-2.1.5.RELEASE.jar;D:\maven_repository_3.6.0\maven_repository\javax\annotation\javax.annotation-api\1.3.2\javax.annotation-api-1.3.2.jar;D:\maven_repository_3.6.0\maven_repository\org\yaml\snakeyaml\1.23\snakeyaml-1.23.jar;D:\maven_repository_3.6.0\maven_repository\org\springframework\boot\spring-boot-starter-aop\2.1.5.RELEASE\spring-boot-starter-aop-2.1.5.RELEASE.jar;D:\maven_repository_3.6.0\maven_repository\org\springframework\spring-aop\5.1.7.RELEASE\spring-aop-5.1.7.RELEASE.jar;D:\maven_repository_3.6.0\maven_repository\org\springframework\spring-beans\5.1.7.RELEASE\spring-beans-5.1.7.RELEASE.jar;D:\maven_repository_3.6.0\maven_repository\org\aspectj\aspectjweaver\1.9.4\aspectjweaver-1.9.4.jar;D:\maven_repository_3.6.0\maven_repository\org\springframework\boot\spring-boot-starter-web\2.1.5.RELEASE\spring-boot-starter-web-2.1.5.RELEASE.jar;D:\maven_repository_3.6.0\maven_repository\org\springframework\boot\spring-boot-starter-json\2.1.5.RELEASE\spring-boot-starter-json-2.1.5.RELEASE.jar;D:\maven_repository_3.6.0\maven_repository\com\fasterxml\jackson\core\jackson-databind\2.9.8\jackson-databind-2.9.8.jar;D:\maven_repository_3.6.0\maven_repository\com\fasterxml\jackson\core\jackson-core\2.9.8\jackson-core-2.9.8.jar;D:\maven_repository_3.6.0\maven_repository\com\fasterxml\jackson\datatype\jackson-datatype-jdk8\2.9.8\jackson-datatype-jdk8-2.9.8.jar;D:\maven_repository_3.6.0\maven_repository\com\fasterxml\jackson\datatype\jackson-datatype-jsr310\2.9.8\jackson-datatype-jsr310-2.9.8.jar;D:\maven_repository_3.6.0\maven_repository\com\fasterxml\jackson\module\jackson-module-parameter-names\2.9.8\jackson-module-parameter-names-2.9.8.jar;D:\maven_repository_3.6.0\maven_repository\org\springframework\boot\spring-boot-starter-tomcat\2.1.5.RELEASE\spring-boot-starter-tomcat-2.1.5.RELEASE.jar;D:\maven_repository_3.6.0\maven_repository\org\apache\tomcat\embed\tomcat-embed-core\9.0.19\tomcat-embed-core-9.0.19.jar;D:\maven_repository_3.6.0\maven_repository\org\apache\tomcat\embed\tomcat-embed-el\9.0.19\tomcat-embed-el-9.0.19.jar;D:\maven_repository_3.6.0\maven_repository\org\apache\tomcat\embed\tomcat-embed-websocket\9.0.19\tomcat-embed-websocket-9.0.19.jar;D:\maven_repository_3.6.0\maven_repository\org\hibernate\validator\hibernate-validator\6.0.16.Final\hibernate-validator-6.0.16.Final.jar;D:\maven_repository_3.6.0\maven_repository\javax\validation\validation-api\2.0.1.Final\validation-api-2.0.1.Final.jar;D:\maven_repository_3.6.0\maven_repository\org\jboss\logging\jboss-logging\3.3.2.Final\jboss-logging-3.3.2.Final.jar;D:\maven_repository_3.6.0\maven_repository\org\springframework\spring-web\5.1.7.RELEASE\spring-web-5.1.7.RELEASE.jar;D:\maven_repository_3.6.0\maven_repository\org\springframework\spring-webmvc\5.1.7.RELEASE\spring-webmvc-5.1.7.RELEASE.jar;D:\maven_repository_3.6.0\maven_repository\org\springframework\spring-expression\5.1.7.RELEASE\spring-expression-5.1.7.RELEASE.jar;D:\maven_repository_3.6.0\maven_repository\org\springframework\boot\spring-boot-configuration-processor\2.1.5.RELEASE\spring-boot-configuration-processor-2.1.5.RELEASE.jar;D:\maven_repository_3.6.0\maven_repository\mysql\mysql-connector-java\8.0.16\mysql-connector-java-8.0.16.jar;D:\maven_repository_3.6.0\maven_repository\org\mybatis\spring\boot\mybatis-spring-boot-starter\2.1.0\mybatis-spring-boot-starter-2.1.0.jar;D:\maven_repository_3.6.0\maven_repository\org\springframework\boot\spring-boot-starter-jdbc\2.1.5.RELEASE\spring-boot-starter-jdbc-2.1.5.RELEASE.jar;D:\maven_repository_3.6.0\maven_repository\com\zaxxer\HikariCP\3.2.0\HikariCP-3.2.0.jar;D:\maven_repository_3.6.0\maven_repository\org\springframework\spring-jdbc\5.1.7.RELEASE\spring-jdbc-5.1.7.RELEASE.jar;D:\maven_repository_3.6.0\maven_repository\org\mybatis\spring\boot\mybatis-spring-boot-autoconfigure\2.1.0\mybatis-spring-boot-autoconfigure-2.1.0.jar;D:\maven_repository_3.6.0\maven_repository\org\mybatis\mybatis\3.5.2\mybatis-3.5.2.jar;D:\maven_repository_3.6.0\maven_repository\org\mybatis\mybatis-spring\2.0.2\mybatis-spring-2.0.2.jar;D:\maven_repository_3.6.0\maven_repository\tk\mybatis\mapper-spring-boot-starter\2.1.5\mapper-spring-boot-starter-2.1.5.jar;D:\maven_repository_3.6.0\maven_repository\tk\mybatis\mapper-core\1.1.5\mapper-core-1.1.5.jar;D:\maven_repository_3.6.0\maven_repository\javax\persistence\persistence-api\1.0\persistence-api-1.0.jar;D:\maven_repository_3.6.0\maven_repository\tk\mybatis\mapper-base\1.1.5\mapper-base-1.1.5.jar;D:\maven_repository_3.6.0\maven_repository\tk\mybatis\mapper-weekend\1.1.5\mapper-weekend-1.1.5.jar;D:\maven_repository_3.6.0\maven_repository\tk\mybatis\mapper-spring\1.1.5\mapper-spring-1.1.5.jar;D:\maven_repository_3.6.0\maven_repository\tk\mybatis\mapper-extra\1.1.5\mapper-extra-1.1.5.jar;D:\maven_repository_3.6.0\maven_repository\tk\mybatis\mapper-spring-boot-autoconfigure\2.1.5\mapper-spring-boot-autoconfigure-2.1.5.jar;D:\maven_repository_3.6.0\maven_repository\com\github\pagehelper\pagehelper-spring-boot-starter\1.2.12\pagehelper-spring-boot-starter-1.2.12.jar;D:\maven_repository_3.6.0\maven_repository\com\github\pagehelper\pagehelper-spring-boot-autoconfigure\1.2.12\pagehelper-spring-boot-autoconfigure-1.2.12.jar;D:\maven_repository_3.6.0\maven_repository\com\github\pagehelper\pagehelper\5.1.10\pagehelper-5.1.10.jar;D:\maven_repository_3.6.0\maven_repository\com\github\jsqlparser\jsqlparser\2.0\jsqlparser-2.0.jar;D:\maven_repository_3.6.0\maven_repository\org\springframework\session\spring-session-data-redis\2.1.6.RELEASE\spring-session-data-redis-2.1.6.RELEASE.jar;D:\maven_repository_3.6.0\maven_repository\org\springframework\data\spring-data-redis\2.1.8.RELEASE\spring-data-redis-2.1.8.RELEASE.jar;D:\maven_repository_3.6.0\maven_repository\org\springframework\data\spring-data-keyvalue\2.1.8.RELEASE\spring-data-keyvalue-2.1.8.RELEASE.jar;D:\maven_repository_3.6.0\maven_repository\org\springframework\data\spring-data-commons\2.1.8.RELEASE\spring-data-commons-2.1.8.RELEASE.jar;D:\maven_repository_3.6.0\maven_repository\org\springframework\spring-tx\5.1.7.RELEASE\spring-tx-5.1.7.RELEASE.jar;D:\maven_repository_3.6.0\maven_repository\org\springframework\spring-oxm\5.1.7.RELEASE\spring-oxm-5.1.7.RELEASE.jar;D:\maven_repository_3.6.0\maven_repository\org\springframework\spring-context-support\5.1.7.RELEASE\spring-context-support-5.1.7.RELEASE.jar;D:\maven_repository_3.6.0\maven_repository\org\springframework\session\spring-session-core\2.1.6.RELEASE\spring-session-core-2.1.6.RELEASE.jar;D:\maven_repository_3.6.0\maven_repository\org\springframework\boot\spring-boot-starter-security\2.1.5.RELEASE\spring-boot-starter-security-2.1.5.RELEASE.jar;D:\maven_repository_3.6.0\maven_repository\org\springframework\security\spring-security-config\5.1.5.RELEASE\spring-security-config-5.1.5.RELEASE.jar;D:\maven_repository_3.6.0\maven_repository\org\springframework\security\spring-security-core\5.1.5.RELEASE\spring-security-core-5.1.5.RELEASE.jar;D:\maven_repository_3.6.0\maven_repository\org\springframework\security\spring-security-web\5.1.5.RELEASE\spring-security-web-5.1.5.RELEASE.jar;D:\maven_repository_3.6.0\maven_repository\org\springframework\boot\spring-boot-starter-data-redis\2.1.5.RELEASE\spring-boot-starter-data-redis-2.1.5.RELEASE.jar;D:\maven_repository_3.6.0\maven_repository\io\lettuce\lettuce-core\5.1.6.RELEASE\lettuce-core-5.1.6.RELEASE.jar;D:\maven_repository_3.6.0\maven_repository\io\netty\netty-common\4.1.36.Final\netty-common-4.1.36.Final.jar;D:\maven_repository_3.6.0\maven_repository\io\netty\netty-handler\4.1.36.Final\netty-handler-4.1.36.Final.jar;D:\maven_repository_3.6.0\maven_repository\io\netty\netty-buffer\4.1.36.Final\netty-buffer-4.1.36.Final.jar;D:\maven_repository_3.6.0\maven_repository\io\netty\netty-codec\4.1.36.Final\netty-codec-4.1.36.Final.jar;D:\maven_repository_3.6.0\maven_repository\io\netty\netty-transport\4.1.36.Final\netty-transport-4.1.36.Final.jar;D:\maven_repository_3.6.0\maven_repository\io\netty\netty-resolver\4.1.36.Final\netty-resolver-4.1.36.Final.jar;D:\maven_repository_3.6.0\maven_repository\io\projectreactor\reactor-core\3.2.9.RELEASE\reactor-core-3.2.9.RELEASE.jar;D:\maven_repository_3.6.0\maven_repository\org\reactivestreams\reactive-streams\1.0.2\reactive-streams-1.0.2.jar;D:\maven_repository_3.6.0\maven_repository\commons-codec\commons-codec\1.11\commons-codec-1.11.jar;D:\maven_repository_3.6.0\maven_repository\org\apache\commons\commons-lang3\3.8.1\commons-lang3-3.8.1.jar;D:\maven_repository_3.6.0\maven_repository\commons-io\commons-io\1.3.2\commons-io-1.3.2.jar;D:\maven_repository_3.6.0\maven_repository\io\springfox\springfox-swagger2\2.4.0\springfox-swagger2-2.4.0.jar;D:\maven_repository_3.6.0\maven_repository\io\swagger\swagger-annotations\1.5.6\swagger-annotations-1.5.6.jar;D:\maven_repository_3.6.0\maven_repository\io\swagger\swagger-models\1.5.6\swagger-models-1.5.6.jar;D:\maven_repository_3.6.0\maven_repository\com\fasterxml\jackson\core\jackson-annotations\2.9.0\jackson-annotations-2.9.0.jar;D:\maven_repository_3.6.0\maven_repository\io\springfox\springfox-spi\2.4.0\springfox-spi-2.4.0.jar;D:\maven_repository_3.6.0\maven_repository\io\springfox\springfox-core\2.4.0\springfox-core-2.4.0.jar;D:\maven_repository_3.6.0\maven_repository\io\springfox\springfox-schema\2.4.0\springfox-schema-2.4.0.jar;D:\maven_repository_3.6.0\maven_repository\io\springfox\springfox-swagger-common\2.4.0\springfox-swagger-common-2.4.0.jar;D:\maven_repository_3.6.0\maven_repository\io\springfox\springfox-spring-web\2.4.0\springfox-spring-web-2.4.0.jar;D:\maven_repository_3.6.0\maven_repository\com\fasterxml\classmate\1.4.0\classmate-1.4.0.jar;D:\maven_repository_3.6.0\maven_repository\org\springframework\plugin\spring-plugin-core\1.2.0.RELEASE\spring-plugin-core-1.2.0.RELEASE.jar;D:\maven_repository_3.6.0\maven_repository\org\springframework\plugin\spring-plugin-metadata\1.2.0.RELEASE\spring-plugin-metadata-1.2.0.RELEASE.jar;D:\maven_repository_3.6.0\maven_repository\io\springfox\springfox-swagger-ui\2.4.0\springfox-swagger-ui-2.4.0.jar;D:\maven_repository_3.6.0\maven_repository\com\github\xiaoymin\swagger-bootstrap-ui\1.6\swagger-bootstrap-ui-1.6.jar;D:\maven_repository_3.6.0\maven_repository\org\slf4j\slf4j-api\1.7.21\slf4j-api-1.7.21.jar;D:\maven_repository_3.6.0\maven_repository\org\slf4j\slf4j-log4j12\1.7.21\slf4j-log4j12-1.7.21.jar;D:\maven_repository_3.6.0\maven_repository\log4j\log4j\1.2.17\log4j-1.2.17.jar;"/>
    <property name="sun.cpu.endian" value="little"/>
    <property name="user.home" value="C:\Users\hasee"/>
    <property name="user.language" value="zh"/>
    <property name="java.specification.vendor" value="Oracle Corporation"/>
    <property name="java.home" value="D:\Java\jdk1.8.0_121\jre"/>
    <property name="basedir" value="D:\Spring Boot workplace\JavaArchitect\foodie-dev\foodie-dev-api"/>
    <property name="file.separator" value="\"/>
    <property name="line.separator" value="&#10;"/>
    <property name="java.vm.specification.vendor" value="Oracle Corporation"/>
    <property name="java.specification.name" value="Java Platform API Specification"/>
    <property name="java.awt.graphicsenv" value="sun.awt.Win32GraphicsEnvironment"/>
    <property name="surefire.real.class.path" value="C:\Users\hasee\AppData\Local\Temp\surefire7630148730096819967\surefirebooter909038674198592559.jar"/>
    <property name="sun.boot.class.path" value="D:\Java\jdk1.8.0_121\jre\lib\resources.jar;D:\Java\jdk1.8.0_121\jre\lib\rt.jar;D:\Java\jdk1.8.0_121\jre\lib\sunrsasign.jar;D:\Java\jdk1.8.0_121\jre\lib\jsse.jar;D:\Java\jdk1.8.0_121\jre\lib\jce.jar;D:\Java\jdk1.8.0_121\jre\lib\charsets.jar;D:\Java\jdk1.8.0_121\jre\lib\jfr.jar;D:\Java\jdk1.8.0_121\jre\classes"/>
    <property name="user.script" value=""/>
    <property name="sun.management.compiler" value="HotSpot 64-Bit Tiered Compilers"/>
    <property name="java.runtime.version" value="1.8.0_121-b13"/>
    <property name="user.name" value="hasee"/>
    <property name="path.separator" value=";"/>
    <property name="os.version" value="10.0"/>
    <property name="java.endorsed.dirs" value="D:\Java\jdk1.8.0_121\jre\lib\endorsed"/>
    <property name="java.runtime.name" value="Java(TM) SE Runtime Environment"/>
    <property name="file.encoding" value="GBK"/>
    <property name="java.vm.name" value="Java HotSpot(TM) 64-Bit Server VM"/>
    <property name="localRepository" value="D:\maven_repository_3.6.0\maven_repository"/>
    <property name="java.vendor.url.bug" value="http://bugreport.sun.com/bugreport/"/>
    <property name="java.io.tmpdir" value="C:\Users\hasee\AppData\Local\Temp\"/>
    <property name="idea.version" value="2018.2.1"/>
    <property name="java.version" value="1.8.0_121"/>
    <property name="user.dir" value="D:\Spring Boot workplace\JavaArchitect\foodie-dev\foodie-dev-api"/>
    <property name="os.arch" value="amd64"/>
    <property name="java.vm.specification.name" value="Java Virtual Machine Specification"/>
    <property name="java.awt.printerjob" value="sun.awt.windows.WPrinterJob"/>
    <property name="sun.os.patch.level" value=""/>
    <property name="java.library.path" value="D:\Java\jdk1.8.0_121\jre\bin;C:\WINDOWS\Sun\Java\bin;C:\WINDOWS\system32;C:\WINDOWS;D:\Oracle\oracle_myself\app\oracle\product\10.2.0\server\bin;D:\Oracle\oracle_baosight\bin;D:\Java\jdk1.8.0_121\bin;C:\WINDOWS\system32;C:\WINDOWS;C:\WINDOWS\System32\Wbem;C:\WINDOWS\System32\WindowsPowerShell\v1.0\;C:\WINDOWS\System32\OpenSSH\;E:\python;D:\scala-2.12.7\bin;D:\apache-maven-3.5.0\bin;C:\Users\hasee\AppData\Local\Microsoft\WindowsApps;;."/>
    <property name="java.vm.info" value="mixed mode"/>
    <property name="java.vendor" value="Oracle Corporation"/>
    <property name="java.vm.version" value="25.121-b13"/>
    <property name="java.ext.dirs" value="D:\Java\jdk1.8.0_121\jre\lib\ext;C:\WINDOWS\Sun\Java\lib\ext"/>
    <property name="sun.io.unicode.encoding" value="UnicodeLittle"/>
    <property name="maven.repo.local" value="D:\maven_repository_3.6.0\maven_repository"/>
    <property name="java.class.version" value="52.0"/>
  </properties>
  <testcase name="myTest" classname="com.test.BloomFilterTest" time="0.23"/>
</testsuite>